
[W 200619 12:53:42 control:44] 'stats' inspect method failed
[W 200619 12:53:42 control:44] 'active_queues' inspect method failed
[W 200619 12:53:42 control:44] 'registered' inspect method failed
[W 200619 12:53:42 control:44] 'scheduled' inspect method failed
[W 200619 12:53:42 control:44] 'active' inspect method failed
[W 200619 12:53:42 control:44] 'reserved' inspect method failed
[W 200619 12:53:42 control:44] 'revoked' inspect method failed
[W 200619 12:53:42 control:44] 'conf' inspect method failed
[W 200619 12:54:42 control:44] 'stats' inspect method failed
[W 200619 12:54:42 control:44] 'active_queues' inspect method failed
[W 200619 12:54:42 control:44] 'registered' inspect method failed
[W 200619 12:54:42 control:44] 'scheduled' inspect method failed
[W 200619 12:54:42 control:44] 'active' inspect method failed
[W 200619 12:54:42 control:44] 'reserved' inspect method failed
[W 200619 12:54:42 control:44] 'revoked' inspect method failed
[W 200619 12:54:42 control:44] 'conf' inspect method failed
[W 200619 12:55:42 control:44] 'stats' inspect method failed
[W 200619 12:55:42 control:44] 'active_queues' inspect method failed
[W 200619 12:55:42 control:44] 'registered' inspect method failed
[W 200619 12:55:42 control:44] 'scheduled' inspect method failed
[W 200619 12:55:42 control:44] 'active' inspect method failed
[W 200619 12:55:42 control:44] 'reserved' inspect method failed
[W 200619 12:55:42 control:44] 'revoked' inspect method failed
[W 200619 12:55:42 control:44] 'conf' inspect method failed
[W 200619 12:56:42 control:44] 'stats' inspect method failed
[W 200619 12:56:42 control:44] 'active_queues' inspect method failed
[W 200619 12:56:42 control:44] 'registered' inspect method failed
[W 200619 12:56:42 control:44] 'scheduled' inspect method failed
[W 200619 12:56:42 control:44] 'active' inspect method failed
[W 200619 12:56:42 control:44] 'reserved' inspect method failed
[W 200619 12:56:42 control:44] 'revoked' inspect method failed
[W 200619 12:56:42 control:44] 'conf' inspect method failed
[W 200619 12:57:41 control:44] 'stats' inspect method failed
[W 200619 12:57:41 control:44] 'active_queues' inspect method failed
[W 200619 12:57:41 control:44] 'registered' inspect method failed
[W 200619 12:57:41 control:44] 'scheduled' inspect method failed
[W 200619 12:57:41 control:44] 'active' inspect method failed
[W 200619 12:57:41 control:44] 'reserved' inspect method failed
[W 200619 12:57:41 control:44] 'revoked' inspect method failed
[W 200619 12:57:41 control:44] 'conf' inspect method failed
[W 200619 12:58:42 control:44] 'stats' inspect method failed
[W 200619 12:58:42 control:44] 'active_queues' inspect method failed
[W 200619 12:58:42 control:44] 'registered' inspect method failed
[W 200619 12:58:42 control:44] 'scheduled' inspect method failed
[W 200619 12:58:42 control:44] 'active' inspect method failed
[W 200619 12:58:42 control:44] 'reserved' inspect method failed
[W 200619 12:58:42 control:44] 'revoked' inspect method failed
[W 200619 12:58:42 control:44] 'conf' inspect method failed
[W 200619 12:59:42 control:44] 'stats' inspect method failed
[W 200619 12:59:42 control:44] 'active_queues' inspect method failed
[W 200619 12:59:42 control:44] 'registered' inspect method failed
[W 200619 12:59:42 control:44] 'scheduled' inspect method failed
[W 200619 12:59:42 control:44] 'active' inspect method failed
[W 200619 12:59:42 control:44] 'reserved' inspect method failed
[W 200619 12:59:42 control:44] 'revoked' inspect method failed
[W 200619 12:59:42 control:44] 'conf' inspect method failed
[I 200619 13:32:43 command:44] SIGTERM detected, shutting down
